<?xml version="1.0" encoding="UTF-8"?>
<testng-results ignored="0" total="1" passed="1" failed="0" skipped="0">
  <reporter-output>
  </reporter-output>
  <suite started-at="2023-04-21T16:44:01 IST" name="Default suite" finished-at="2023-04-21T16:44:04 IST" duration-ms="2917">
    <groups>
    </groups>
    <test started-at="2023-04-21T16:44:01 IST" name="Default test" finished-at="2023-04-21T16:44:04 IST" duration-ms="2917">
      <class name="com.crm.qa.testCases.HomeTest">
        <test-method is-config="true" signature="setUp()[pri:0, instance:com.crm.qa.testCases.HomeTest@6bedbc4d]" started-at="2023-04-21T16:44:01 IST" name="setUp" finished-at="2023-04-21T16:44:04 IST" duration-ms="2674" status="PASS">
          <reporter-output>
          </reporter-output>
        </test-method> <!-- setUp -->
        <test-method signature="verifyLoginPageTitleTest()[pri:0, instance:com.crm.qa.testCases.HomeTest@6bedbc4d]" started-at="2023-04-21T16:44:04 IST" name="verifyLoginPageTitleTest" finished-at="2023-04-21T16:44:04 IST" duration-ms="21" status="PASS">
          <reporter-output>
          </reporter-output>
        </test-method> <!-- verifyLoginPageTitleTest -->
        <test-method is-config="true" signature="tearDown()[pri:0, instance:com.crm.qa.testCases.HomeTest@6bedbc4d]" started-at="2023-04-21T16:44:04 IST" name="tearDown" finished-at="2023-04-21T16:44:04 IST" duration-ms="190" status="PASS">
          <reporter-output>
          </reporter-output>
        </test-method> <!-- tearDown -->
      </class> <!-- com.crm.qa.testCases.HomeTest -->
    </test> <!-- Default test -->
  </suite> <!-- Default suite -->
</testng-results>
